<?xml version="1.0" encoding="UTF-8"?>
<testsuite xmlns:xsi="http://www.w3.org/2001/XMLSchema-instance" xsi:noNamespaceSchemaLocation="https://maven.apache.org/surefire/maven-surefire-plugin/xsd/surefire-test-report-3.0.xsd" version="3.0" name="TestSuite" time="60.561" tests="2" errors="0" skipped="0" failures="2">
  <properties>
[...]
</properties>
  <testcase name="VerifySignin" classname="Testcase1.Login1" time="37.502">
    <failure message="Expected condition failed: waiting for presence of element located by: By.xpath: //app-header/nav[1]/div[1]/span[1]/span[2]/div[1]/i[1] (tried for 30 second(s) with 500 milliseconds interval)" type="org.openqa.selenium.TimeoutException"><![CDATA[org.openqa.selenium.TimeoutException: Expected condition failed: waiting for presence of element located by: By.xpath: //app-header/nav[1]/div[1]/span[1]/span[2]/div[1]/i[1] (tried for 30 second(s) with 500 milliseconds interval)
	at Testcase1.Login1.VerifySignin(Login1.java:82)
Caused by: org.openqa.selenium.NoSuchElementException: 
no such element: Unable to locate element: {"method":"xpath","selector":"//app-header/nav[1]/div[1]/span[1]/span[2]/div[1]/i[1]"}
  (Session info: chrome=90.0.4430.93)
  (Driver info: chromedriver=2.38.552518 (183d19265345f54ce39cbb94cf81ba5f15905011),platform=Mac OS X 10.14.6 x86_64) (WARNING: The server did not provide any stacktrace information)
Command duration or timeout: 0 milliseconds
For documentation on this error, please visit: https://www.seleniumhq.org/exceptions/no_such_element.html
Build info: version: '3.141.59', revision: 'e82be7d358', time: '2018-11-14T08:17:03'
System info: host: 'FVFVT7HSJ1WK', ip: 'fe80:0:0:0:1cde:f0d4:8653:a7c0%en0', os.name: 'Mac OS X', os.arch: 'x86_64', os.version: '10.14.6', java.version: '12'
Driver info: org.openqa.selenium.chrome.ChromeDriver
Capabilities {acceptInsecureCerts: false, acceptSslCerts: false, applicationCacheEnabled: false, browserConnectionEnabled: false, browserName: chrome, chrome: {chromedriverVersion: 2.38.552518 (183d19265345f5..., userDataDir: /var/folders/_9/7hhdxh2x42n...}, cssSelectorsEnabled: true, databaseEnabled: false, handlesAlerts: true, hasTouchScreen: false, javascriptEnabled: true, locationContextEnabled: true, mobileEmulationEnabled: false, nativeEvents: true, networkConnectionEnabled: false, pageLoadStrategy: normal, platform: MAC, platformName: MAC, rotatable: false, setWindowRect: true, takesHeapSnapshot: true, takesScreenshot: true, unexpectedAlertBehaviour: , unhandledPromptBehavior: , version: 90.0.4430.93, webStorageEnabled: true}
Session ID: f54a740a35c3cc995b60668230ab22d7
*** Element info: {Using=xpath, value=//app-header/nav[1]/div[1]/span[1]/span[2]/div[1]/i[1]}
	at Testcase1.Login1.VerifySignin(Login1.java:82)
]]></failure>
    <system-err><![CDATA[1620828994629	geckodrSitvearrt	iInNg FCOh	rLiomeDriver 2.38.55251s8 t(e1n8i3dng1 9o2n65 134257f.504c.e03.1:4832
9cbb94cf81ba5f15905011) on port 39679
Only local connections are allowed.
1620828995106	mozrunner::runner	INFO	Running command: "/Applications/Firefox.app/Contents/MacOS/firefox-bin" "--marionette" "-foreground" "-no-remote" "-profile" "/var/folders/_9/7hhdxh2x42ng321197xjpkx40000gn/T/rust_mozprofile0lkr2g"
1620828997220	Marionette	INFO	Marionette enabled
May 12, 2021 7:46:38 PM org.openqa.selenium.remote.ProtocolHandshake createSession
INFO: Detected dialect: OSS
console.warn: SearchSettings: "get: No settings file exists, new profile?" (new Error("", "(unknown module)"))
1620829003395	Marionette	INFO	Listening on port 50799
1620829003533	Marionette	WARN	TLS certificate errors will be ignored for this session
May 12, 2021 7:46:43 PM org.openqa.selenium.remote.ProtocolHandshake createSession
INFO: Detected dialect: W3C
]]></system-err>
  </testcase>
  <testcase name="VerifySignin" classname="Testcase1.Login1" time="48.814">
    <failure message="Expected condition failed: waiting for presence of element located by: By.xpath: //app-header/nav[1]/div[1]/span[1]/span[2]/div[1]/i[1] (tried for 30 second(s) with 500 milliseconds interval)" type="org.openqa.selenium.TimeoutException"><![CDATA[org.openqa.selenium.TimeoutException: Expected condition failed: waiting for presence of element located by: By.xpath: //app-header/nav[1]/div[1]/span[1]/span[2]/div[1]/i[1] (tried for 30 second(s) with 500 milliseconds interval)
	at Testcase1.Login1.VerifySignin(Login1.java:82)
Caused by: org.openqa.selenium.NoSuchElementException: 
Unable to locate element: //app-header/nav[1]/div[1]/span[1]/span[2]/div[1]/i[1]
For documentation on this error, please visit: https://www.seleniumhq.org/exceptions/no_such_element.html
Build info: version: '3.141.59', revision: 'e82be7d358', time: '2018-11-14T08:17:03'
System info: host: 'FVFVT7HSJ1WK', ip: 'fe80:0:0:0:1cde:f0d4:8653:a7c0%en0', os.name: 'Mac OS X', os.arch: 'x86_64', os.version: '10.14.6', java.version: '12'
Driver info: org.openqa.selenium.firefox.FirefoxDriver
Capabilities {acceptInsecureCerts: true, browserName: firefox, browserVersion: 88.0.1, javascriptEnabled: true, moz:accessibilityChecks: false, moz:buildID: 20210504152106, moz:geckodriverVersion: 0.29.1, moz:headless: false, moz:processID: 2574, moz:profile: /var/folders/_9/7hhdxh2x42n..., moz:shutdownTimeout: 60000, moz:useNonSpecCompliantPointerOrigin: false, moz:webdriverClick: true, pageLoadStrategy: normal, platform: MAC, platformName: MAC, platformVersion: 18.7.0, rotatable: false, setWindowRect: true, strictFileInteractability: false, timeouts: {implicit: 0, pageLoad: 300000, script: 30000}, unhandledPromptBehavior: dismiss and notify}
Session ID: fa8ee221-ee0d-3c46-aa57-a7f5e92dc780
*** Element info: {Using=xpath, value=//app-header/nav[1]/div[1]/span[1]/span[2]/div[1]/i[1]}
	at Testcase1.Login1.VerifySignin(Login1.java:82)
]]></failure>
  </testcase>
</testsuite>