<?xml version="1.0" encoding="UTF-8"?>
<testng-results total="1" passed="1" failed="0" skipped="0">
  <reporter-output>
  </reporter-output>
  <suite started-at="2021-04-24T16:58:50Z" name="Default suite" finished-at="2021-04-24T16:59:32Z" duration-ms="41499">
    <groups>
    </groups>
    <test started-at="2021-04-24T16:58:50Z" name="Default test" finished-at="2021-04-24T16:59:32Z" duration-ms="41499">
      <class name="Testcase1.Login">
        <test-method is-config="true" signature="setup()[pri:0, instance:Testcase1.Login@731f8236]" started-at="2021-04-24T16:58:50Z" name="setup" finished-at="2021-04-24T16:58:59Z" duration-ms="9113" status="PASS">
        </test-method>
        <test-method signature="signin()[pri:0, instance:Testcase1.Login@731f8236]" started-at="2021-04-24T16:58:59Z" name="signin" finished-at="2021-04-24T16:59:32Z" duration-ms="32183" status="PASS">
        </test-method>
        <test-method is-config="true" signature="teardown()[pri:0, instance:Testcase1.Login@731f8236]" started-at="2021-04-24T16:59:32Z" name="teardown" finished-at="2021-04-24T16:59:32Z" duration-ms="181" status="PASS">
        </test-method>
      </class>
    </test>
  </suite>
</testng-results>
